{
  "RSpec": {
    "coverage": {
      "/home/chrisgk47/tic-tac-toe-rb-ruby-apply-000/lib/tic_tac_toe.rb": [
        1,
        null,
        1,
        30,
        30,
        30,
        30,
        30,
        null,
        null,
        1,
        47548,
        null,
        null,
        1,
        29,
        29,
        null,
        null,
        1,
        47548,
        28906,
        null,
        null,
        null,
        null,
        47548,
        null,
        null,
        1,
        76456,
        null,
        null,
        1,
        47555,
        47549,
        47545,
        47545,
        25,
        25,
        null,
        47520,
        null,
        null,
        null,
        1,
        12,
        12,
        35,
        35,
        null,
        null,
        null,
        1,
        2,
        2,
        null,
        18,
        5,
        null,
        null,
        2,
        null,
        null,
        1,
        1,
        1,
        null,
        0,
        null,
        null,
        null,
        null,
        1,
        null,
        null,
        null,
        null,
        1,
        16,
        113,
        null,
        8,
        null,
        null,
        8,
        null,
        null,
        1,
        6,
        3,
        null,
        3,
        null,
        null,
        null,
        1,
        7,
        2,
        null,
        5,
        null,
        null,
        null,
        1,
        3,
        2,
        null,
        1,
        null,
        null,
        1,
        3,
        2,
        null,
        null,
        null
      ]
    },
    "timestamp": 1608730699
  }
}
