{
  "RSpec": {
    "coverage": {
      "/home/chrisgk47/tic-tac-toe-rb-ruby-apply-000/lib/tic_tac_toe.rb": [
        1,
        null,
        1,
        6,
        6,
        6,
        6,
        6,
        null,
        null,
        1,
        null,
        1,
        13,
        null,
        null,
        1,
        1,
        0,
        0,
        null,
        null,
        1,
        16,
        12,
        null,
        4,
        null,
        null,
        null,
        1,
        13,
        11,
        10,
        null,
        null,
        null,
        3,
        null,
        null,
        1,
        11,
        11,
        null,
        99,
        5,
        null,
        null,
        11,
        null,
        null,
        1,
        10,
        10,
        10,
        10,
        9,
        0,
        null,
        1,
        null,
        null,
        null,
        1,
        12,
        7,
        null,
        5,
        3,
        3,
        2,
        2,
        null,
        null,
        null,
        1,
        10,
        10,
        null,
        0,
        null,
        null,
        null,
        null,
        1,
        null,
        null,
        null,
        null,
        1,
        47,
        237,
        null,
        28,
        null,
        null,
        19,
        null,
        null,
        1,
        15,
        8,
        null,
        7,
        null,
        null,
        null,
        1,
        13,
        6,
        null,
        7,
        null,
        null,
        null,
        1,
        11,
        7,
        null,
        4,
        null,
        null,
        1,
        10,
        9,
        null,
        null,
        null
      ]
    },
    "timestamp": 1608732188
  }
}
